<?xml version="1.0" encoding="UTF-8"?>
<!-- Generated by org.testng.reporters.JUnitXMLReporter -->
<testsuite ignored="6" hostname="LAPTOP-PF3BCJ59" failures="0" tests="1" name="Test" time="23.312" errors="0" timestamp="2024-04-06T00:13:14 BDT">
  <testcase classname="MobileAutomation1.Mobile.eCommerce_tc_1" name="FillForm" time="13.974"/>
  <testcase classname="MobileAutomation1.Mobile.eCommerce_tc_2_toast_msg" name="FillForm" time="0.0">
    <ignored/>
  </testcase> <!-- FillForm -->
  <testcase classname="MobileAutomation1.Mobile.eCom3_Addtocart" name="FillForm" time="0.0">
    <ignored/>
  </testcase> <!-- FillForm -->
  <testcase classname="MobileAutomation1.Mobile.MobileBrowserTest" name="browserTest" time="0.0">
    <ignored/>
  </testcase> <!-- browserTest -->
  <testcase classname="MobileAutomation1.Mobile.eCom5_totalamountValidation" name="FillForm" time="0.0">
    <ignored/>
  </testcase> <!-- FillForm -->
  <testcase classname="MobileAutomation1.Mobile.eCom4_totalamount" name="FillForm" time="0.0">
    <ignored/>
  </testcase> <!-- FillForm -->
  <testcase classname="MobileAutomation1.Mobile.eCom6_Hybird" name="FillForm" time="0.0">
    <ignored/>
  </testcase> <!-- FillForm -->
</testsuite> <!-- Test -->
