<?xml version="1.0" encoding="UTF-8"?>
<!-- Generated by org.testng.reporters.JUnitXMLReporter -->
<testsuite ignored="6" hostname="LAPTOP-PF3BCJ59" failures="0" tests="1" name="Test" time="20.204" errors="0" timestamp="2024-04-07T17:45:25 BDT">
  <testcase classname="MobileAutomation1.Mobile.BaseTest" name="@BeforeClass ConfigureAppium" time="20.106">
    <failure type="io.appium.java_client.service.local.AppiumServerHasNotBeenStartedLocallyException" message="[The local appium server has not been started, Reason: Timed out waiting for [http://127.0.0.1:4723/status] to be available after 20012 ms, Consider increasing the server startup timeout value (currently 20000ms), Node.js executable path: C:\Program Files\nodejs\node.exe, Arguments: [C:\Users\shant\.appium\node_modules\appium-uiautomator2-driver\build\index.js, --port, 4723, --address, 127.0.0.1], Output: Error: Cannot find module &amp;apos;appium/driver&amp;apos;
Require stack:
- C:\Users\shant\.appium\node_modules\appium-uiautomator2-driver\node_modules\appium-android-driver\build\lib\driver.js
- C:\Users\shant\.appium\node_modules\appium-uiautomator2-driver\node_modules\appium-android-driver\build\lib\index.js
- C:\Users\shant\.appium\node_modules\appium-uiautomator2-driver\build\lib\driver.js
- C:\Users\shant\.appium\node_modules\appium-uiautomator2-driver\build\index.js
    at Function.Module._resolveFilename (node:internal/modules/cjs/loader:1077:15)
    at Function.Module._load (node:internal/modules/cjs/loader:922:27)
    at Module.require (node:internal/modules/cjs/loader:1143:19)
    at require (node:internal/modules/cjs/helpers:119:18)
    at Object.&amp;lt;anonymous&amp;gt; (C:\Users\shant\.appium\node_modules\appium-uiautomator2-driver\node_modules\appium-android-driver\lib\driver.ts:16:1)
    at Module._compile (node:internal/modules/cjs/loader:1256:14)
    at Object.Module._extensions..js (node:internal/modules/cjs/loader:1310:10)
    at Module.load (node:internal/modules/cjs/loader:1119:32)
    at Function.Module._load (node:internal/modules/cjs/loader:960:12)
    at Module.require (node:internal/modules/cjs/loader:1143:19)
    at require (node:internal/modules/cjs/helpers:119:18)
    at Object.&amp;lt;anonymous&amp;gt; (C:\Users\shant\.appium\node_modules\appium-uiautomator2-driver\node_modules\appium-android-driver\lib\index.ts:4:1)
    at Module._compile (node:internal/modules/cjs/loader:1256:14)
    at Object.Module._extensions..js (node:internal/modules/cjs/loader:1310:10)
    at Module.load (node:internal/modules/cjs/loader:1119:32)
    at Function.Module._load (node:internal/modules/cjs/loader:960:12)
]">
      <![CDATA[io.appium.java_client.service.local.AppiumServerHasNotBeenStartedLocallyException: [The local appium server has not been started, Reason: Timed out waiting for [http://127.0.0.1:4723/status] to be available after 20012 ms, Consider increasing the server startup timeout value (currently 20000ms), Node.js executable path: C:\Program Files\nodejs\node.exe, Arguments: [C:\Users\shant\.appium\node_modules\appium-uiautomator2-driver\build\index.js, --port, 4723, --address, 127.0.0.1], Output: Error: Cannot find module 'appium/driver'
Require stack:
- C:\Users\shant\.appium\node_modules\appium-uiautomator2-driver\node_modules\appium-android-driver\build\lib\driver.js
- C:\Users\shant\.appium\node_modules\appium-uiautomator2-driver\node_modules\appium-android-driver\build\lib\index.js
- C:\Users\shant\.appium\node_modules\appium-uiautomator2-driver\build\lib\driver.js
- C:\Users\shant\.appium\node_modules\appium-uiautomator2-driver\build\index.js
    at Function.Module._resolveFilename (node:internal/modules/cjs/loader:1077:15)
    at Function.Module._load (node:internal/modules/cjs/loader:922:27)
    at Module.require (node:internal/modules/cjs/loader:1143:19)
    at require (node:internal/modules/cjs/helpers:119:18)
    at Object.<anonymous> (C:\Users\shant\.appium\node_modules\appium-uiautomator2-driver\node_modules\appium-android-driver\lib\driver.ts:16:1)
    at Module._compile (node:internal/modules/cjs/loader:1256:14)
    at Object.Module._extensions..js (node:internal/modules/cjs/loader:1310:10)
    at Module.load (node:internal/modules/cjs/loader:1119:32)
    at Function.Module._load (node:internal/modules/cjs/loader:960:12)
    at Module.require (node:internal/modules/cjs/loader:1143:19)
    at require (node:internal/modules/cjs/helpers:119:18)
    at Object.<anonymous> (C:\Users\shant\.appium\node_modules\appium-uiautomator2-driver\node_modules\appium-android-driver\lib\index.ts:4:1)
    at Module._compile (node:internal/modules/cjs/loader:1256:14)
    at Object.Module._extensions..js (node:internal/modules/cjs/loader:1310:10)
    at Module.load (node:internal/modules/cjs/loader:1119:32)
    at Function.Module._load (node:internal/modules/cjs/loader:960:12)
]
at io.appium.java_client.service.local.AppiumDriverLocalService.start(AppiumDriverLocalService.java:203)
at MobileAutomation1.Mobile.BaseTest.ConfigureAppium(BaseTest.java:35)
at java.base/java.util.ArrayList.forEach(ArrayList.java:1511)
Caused by: org.openqa.selenium.net.UrlChecker$TimeoutException: Timed out waiting for [http://127.0.0.1:4723/status] to be available after 20012 ms
at org.openqa.selenium.net.UrlChecker.waitUntilAvailable(UrlChecker.java:94)
at io.appium.java_client.service.local.AppiumDriverLocalService.ping(AppiumDriverLocalService.java:157)
at io.appium.java_client.service.local.AppiumDriverLocalService.start(AppiumDriverLocalService.java:182)
... 29 more
Caused by: java.util.concurrent.TimeoutException
at java.base/java.util.concurrent.FutureTask.get(FutureTask.java:204)
at org.openqa.selenium.net.UrlChecker.waitUntilAvailable(UrlChecker.java:91)
... 31 more
... Removed 27 stack frames]]>
    </failure>
  </testcase> <!-- @BeforeClass ConfigureAppium -->
  <testcase classname="MobileAutomation1.Mobile.BaseTest" name="@AfterClass tearDown" time="0.027">
    <failure type="java.lang.NullPointerException" message="Cannot invoke &amp;quot;io.appium.java_client.android.AndroidDriver.quit()&amp;quot; because &amp;quot;this.driver&amp;quot; is null">
      <![CDATA[java.lang.NullPointerException: Cannot invoke "io.appium.java_client.android.AndroidDriver.quit()" because "this.driver" is null
at MobileAutomation1.Mobile.BaseTest.tearDown(BaseTest.java:80)
at java.base/java.util.ArrayList.forEach(ArrayList.java:1511)
... Removed 28 stack frames]]>
    </failure>
  </testcase> <!-- @AfterClass tearDown -->
  <testcase classname="MobileAutomation1.Mobile.eCommerce_tc_1" name="FillForm" time="0.0">
    <skipped/>
  </testcase> <!-- FillForm -->
  <testcase classname="MobileAutomation1.Mobile.eCom4_totalamount" name="FillForm" time="0.0">
    <ignored/>
  </testcase> <!-- FillForm -->
  <testcase classname="MobileAutomation1.Mobile.eCommerce_tc_2_toast_msg" name="FillForm" time="0.0">
    <ignored/>
  </testcase> <!-- FillForm -->
  <testcase classname="MobileAutomation1.Mobile.MobileBrowserTest" name="browserTest" time="0.0">
    <ignored/>
  </testcase> <!-- browserTest -->
  <testcase classname="MobileAutomation1.Mobile.eCom6_Hybird" name="FillForm" time="0.0">
    <ignored/>
  </testcase> <!-- FillForm -->
  <testcase classname="MobileAutomation1.Mobile.eCom5_totalamountValidation" name="FillForm" time="0.0">
    <ignored/>
  </testcase> <!-- FillForm -->
  <testcase classname="MobileAutomation1.Mobile.eCom3_Addtocart" name="FillForm" time="0.0">
    <ignored/>
  </testcase> <!-- FillForm -->
</testsuite> <!-- Test -->
