<?xml version="1.0" encoding="UTF-8"?>
<testsuite xmlns:xsi="http://www.w3.org/2001/XMLSchema-instance" xsi:noNamespaceSchemaLocation="https://maven.apache.org/surefire/maven-surefire-plugin/xsd/surefire-test-report-3.0.xsd" version="3.0" name="TestSuite" time="21.03" tests="3" errors="0" skipped="1" failures="2">
  <properties>
[...]
</properties>
  <testcase name="ConfigureAppium" classname="MobileAutomation1.Mobile.eCommerce_tc_1" time="20.523">
    <failure message="[The local appium server has not been started, Reason: Timed out waiting for [http://127.0.0.1:4723/status] to be available after 20012 ms, Consider increasing the server startup timeout value (currently 20000ms), Node.js executable path: C:\Program Files\nodejs\node.exe, Arguments: [C:\Users\shant\.appium\node_modules\appium-uiautomator2-driver\build\index.js, --port, 4723, --address, 127.0.0.1], Output: Error: Cannot find module &apos;appium/driver&apos;&#10;Require stack:&#10;- C:\Users\shant\.appium\node_modules\appium-uiautomator2-driver\node_modules\appium-android-driver\build\lib\driver.js&#10;- C:\Users\shant\.appium\node_modules\appium-uiautomator2-driver\node_modules\appium-android-driver\build\lib\index.js&#10;- C:\Users\shant\.appium\node_modules\appium-uiautomator2-driver\build\lib\driver.js&#10;- C:\Users\shant\.appium\node_modules\appium-uiautomator2-driver\build\index.js&#10;    at Function.Module._resolveFilename (node:internal/modules/cjs/loader:1077:15)&#10;    at Function.Module._load (node:internal/modules/cjs/loader:922:27)&#10;    at Module.require (node:internal/modules/cjs/loader:1143:19)&#10;    at require (node:internal/modules/cjs/helpers:119:18)&#10;    at Object.&lt;anonymous&gt; (C:\Users\shant\.appium\node_modules\appium-uiautomator2-driver\node_modules\appium-android-driver\lib\driver.ts:16:1)&#10;    at Module._compile (node:internal/modules/cjs/loader:1256:14)&#10;    at Object.Module._extensions..js (node:internal/modules/cjs/loader:1310:10)&#10;    at Module.load (node:internal/modules/cjs/loader:1119:32)&#10;    at Function.Module._load (node:internal/modules/cjs/loader:960:12)&#10;    at Module.require (node:internal/modules/cjs/loader:1143:19)&#10;    at require (node:internal/modules/cjs/helpers:119:18)&#10;    at Object.&lt;anonymous&gt; (C:\Users\shant\.appium\node_modules\appium-uiautomator2-driver\node_modules\appium-android-driver\lib\index.ts:4:1)&#10;    at Module._compile (node:internal/modules/cjs/loader:1256:14)&#10;    at Object.Module._extensions..js (node:internal/modules/cjs/loader:1310:10)&#10;    at Module.load (node:internal/modules/cjs/loader:1119:32)&#10;    at Function.Module._load (node:internal/modules/cjs/loader:960:12)&#10;]" type="io.appium.java_client.service.local.AppiumServerHasNotBeenStartedLocallyException"><![CDATA[io.appium.java_client.service.local.AppiumServerHasNotBeenStartedLocallyException: 
[The local appium server has not been started, Reason: Timed out waiting for [http://127.0.0.1:4723/status] to be available after 20012 ms, Consider increasing the server startup timeout value (currently 20000ms), Node.js executable path: C:\Program Files\nodejs\node.exe, Arguments: [C:\Users\shant\.appium\node_modules\appium-uiautomator2-driver\build\index.js, --port, 4723, --address, 127.0.0.1], Output: Error: Cannot find module 'appium/driver'
Require stack:
- C:\Users\shant\.appium\node_modules\appium-uiautomator2-driver\node_modules\appium-android-driver\build\lib\driver.js
- C:\Users\shant\.appium\node_modules\appium-uiautomator2-driver\node_modules\appium-android-driver\build\lib\index.js
- C:\Users\shant\.appium\node_modules\appium-uiautomator2-driver\build\lib\driver.js
- C:\Users\shant\.appium\node_modules\appium-uiautomator2-driver\build\index.js
    at Function.Module._resolveFilename (node:internal/modules/cjs/loader:1077:15)
    at Function.Module._load (node:internal/modules/cjs/loader:922:27)
    at Module.require (node:internal/modules/cjs/loader:1143:19)
    at require (node:internal/modules/cjs/helpers:119:18)
    at Object.<anonymous> (C:\Users\shant\.appium\node_modules\appium-uiautomator2-driver\node_modules\appium-android-driver\lib\driver.ts:16:1)
    at Module._compile (node:internal/modules/cjs/loader:1256:14)
    at Object.Module._extensions..js (node:internal/modules/cjs/loader:1310:10)
    at Module.load (node:internal/modules/cjs/loader:1119:32)
    at Function.Module._load (node:internal/modules/cjs/loader:960:12)
    at Module.require (node:internal/modules/cjs/loader:1143:19)
    at require (node:internal/modules/cjs/helpers:119:18)
    at Object.<anonymous> (C:\Users\shant\.appium\node_modules\appium-uiautomator2-driver\node_modules\appium-android-driver\lib\index.ts:4:1)
    at Module._compile (node:internal/modules/cjs/loader:1256:14)
    at Object.Module._extensions..js (node:internal/modules/cjs/loader:1310:10)
    at Module.load (node:internal/modules/cjs/loader:1119:32)
    at Function.Module._load (node:internal/modules/cjs/loader:960:12)
]
Caused by: org.openqa.selenium.net.UrlChecker$TimeoutException: Timed out waiting for [http://127.0.0.1:4723/status] to be available after 20012 ms
Caused by: java.util.concurrent.TimeoutException
]]></failure>
    <system-out><![CDATA[Error: Cannot find module 'appium/driver'
Require stack:
- C:\Users\shant\.appium\node_modules\appium-uiautomator2-driver\node_modules\appium-android-driver\build\lib\driver.js
- C:\Users\shant\.appium\node_modules\appium-uiautomator2-driver\node_modules\appium-android-driver\build\lib\index.js
- C:\Users\shant\.appium\node_modules\appium-uiautomator2-driver\build\lib\driver.js
- C:\Users\shant\.appium\node_modules\appium-uiautomator2-driver\build\index.js
    at Function.Module._resolveFilename (node:internal/modules/cjs/loader:1077:15)
    at Function.Module._load (node:internal/modules/cjs/loader:922:27)
    at Module.require (node:internal/modules/cjs/loader:1143:19)
    at require (node:internal/modules/cjs/helpers:119:18)
    at Object.<anonymous> (C:\Users\shant\.appium\node_modules\appium-uiautomator2-driver\node_modules\appium-android-driver\lib\driver.ts:16:1)
    at Module._compile (node:internal/modules/cjs/loader:1256:14)
    at Object.Module._extensions..js (node:internal/modules/cjs/loader:1310:10)
    at Module.load (node:internal/modules/cjs/loader:1119:32)
    at Function.Module._load (node:internal/modules/cjs/loader:960:12)
    at Module.require (node:internal/modules/cjs/loader:1143:19)
    at require (node:internal/modules/cjs/helpers:119:18)
    at Object.<anonymous> (C:\Users\shant\.appium\node_modules\appium-uiautomator2-driver\node_modules\appium-android-driver\lib\index.ts:4:1)
    at Module._compile (node:internal/modules/cjs/loader:1256:14)
    at Object.Module._extensions..js (node:internal/modules/cjs/loader:1310:10)
    at Module.load (node:internal/modules/cjs/loader:1119:32)
    at Function.Module._load (node:internal/modules/cjs/loader:960:12)
]]></system-out>
    <system-err><![CDATA[SLF4J: No SLF4J providers were found.
SLF4J: Defaulting to no-operation (NOP) logger implementation
SLF4J: See https://www.slf4j.org/codes.html#noProviders for further details.
SLF4J: Class path contains SLF4J bindings targeting slf4j-api versions 1.7.x or earlier.
SLF4J: Ignoring binding found at [jar:file:/C:/Users/shant/.m2/repository/org/apache/logging/log4j/log4j-slf4j-impl/2.22.1/log4j-slf4j-impl-2.22.1.jar!/org/slf4j/impl/StaticLoggerBinder.class]
SLF4J: See https://www.slf4j.org/codes.html#ignoredBindings for an explanation.
]]></system-err>
  </testcase>
  <testcase name="FillForm" classname="MobileAutomation1.Mobile.eCommerce_tc_1" time="0">
    <skipped message="[The local appium server has not been started, Reason: Timed out waiting for [http://127.0.0.1:4723/status] to be available after 20012 ms, Consider increasing the server startup timeout value (currently 20000ms), Node.js executable path: C:\Program Files\nodejs\node.exe, Arguments: [C:\Users\shant\.appium\node_modules\appium-uiautomator2-driver\build\index.js, --port, 4723, --address, 127.0.0.1], Output: Error: Cannot find module &apos;appium/driver&apos;&#10;Require stack:&#10;- C:\Users\shant\.appium\node_modules\appium-uiautomator2-driver\node_modules\appium-android-driver\build\lib\driver.js&#10;- C:\Users\shant\.appium\node_modules\appium-uiautomator2-driver\node_modules\appium-android-driver\build\lib\index.js&#10;- C:\Users\shant\.appium\node_modules\appium-uiautomator2-driver\build\lib\driver.js&#10;- C:\Users\shant\.appium\node_modules\appium-uiautomator2-driver\build\index.js&#10;    at Function.Module._resolveFilename (node:internal/modules/cjs/loader:1077:15)&#10;    at Function.Module._load (node:internal/modules/cjs/loader:922:27)&#10;    at Module.require (node:internal/modules/cjs/loader:1143:19)&#10;    at require (node:internal/modules/cjs/helpers:119:18)&#10;    at Object.&lt;anonymous&gt; (C:\Users\shant\.appium\node_modules\appium-uiautomator2-driver\node_modules\appium-android-driver\lib\driver.ts:16:1)&#10;    at Module._compile (node:internal/modules/cjs/loader:1256:14)&#10;    at Object.Module._extensions..js (node:internal/modules/cjs/loader:1310:10)&#10;    at Module.load (node:internal/modules/cjs/loader:1119:32)&#10;    at Function.Module._load (node:internal/modules/cjs/loader:960:12)&#10;    at Module.require (node:internal/modules/cjs/loader:1143:19)&#10;    at require (node:internal/modules/cjs/helpers:119:18)&#10;    at Object.&lt;anonymous&gt; (C:\Users\shant\.appium\node_modules\appium-uiautomator2-driver\node_modules\appium-android-driver\lib\index.ts:4:1)&#10;    at Module._compile (node:internal/modules/cjs/loader:1256:14)&#10;    at Object.Module._extensions..js (node:internal/modules/cjs/loader:1310:10)&#10;    at Module.load (node:internal/modules/cjs/loader:1119:32)&#10;    at Function.Module._load (node:internal/modules/cjs/loader:960:12)&#10;]"/>
  </testcase>
  <testcase name="tearDown" classname="MobileAutomation1.Mobile.eCommerce_tc_1" time="0.04">
    <failure message="Cannot invoke &quot;io.appium.java_client.android.AndroidDriver.quit()&quot; because &quot;this.driver&quot; is null" type="java.lang.NullPointerException"><![CDATA[java.lang.NullPointerException: Cannot invoke "io.appium.java_client.android.AndroidDriver.quit()" because "this.driver" is null
]]></failure>
  </testcase>
</testsuite>