<?xml version="1.0" encoding="UTF-8"?>
<testng-results ignored="0" total="1" passed="1" failed="0" skipped="0">
  <reporter-output>
  </reporter-output>
  <suite started-at="2024-05-01T02:56:19 BDT" name="Default suite" finished-at="2024-05-01T02:56:46 BDT" duration-ms="27078">
    <groups>
    </groups>
    <test started-at="2024-05-01T02:56:19 BDT" name="Default test" finished-at="2024-05-01T02:56:46 BDT" duration-ms="27078">
      <class name="MobileAutomation1.Mobile.eCom5_totalamountValidation">
        <test-method is-config="true" signature="ConfigureAppium()[pri:0, instance:MobileAutomation1.Mobile.eCom5_totalamountValidation@6771beb3]" started-at="2024-05-01T02:56:19 BDT" name="ConfigureAppium" finished-at="2024-05-01T02:56:25 BDT" duration-ms="5867" status="PASS">
          <reporter-output>
          </reporter-output>
        </test-method> <!-- ConfigureAppium -->
        <test-method signature="FillForm()[pri:0, instance:MobileAutomation1.Mobile.eCom5_totalamountValidation@6771beb3]" started-at="2024-05-01T02:56:25 BDT" name="FillForm" finished-at="2024-05-01T02:56:46 BDT" duration-ms="20765" status="PASS">
          <reporter-output>
          </reporter-output>
        </test-method> <!-- FillForm -->
        <test-method is-config="true" signature="tearDown()[pri:0, instance:MobileAutomation1.Mobile.eCom5_totalamountValidation@6771beb3]" started-at="2024-05-01T02:56:46 BDT" name="tearDown" finished-at="2024-05-01T02:56:46 BDT" duration-ms="400" status="PASS">
          <reporter-output>
          </reporter-output>
        </test-method> <!-- tearDown -->
      </class> <!-- MobileAutomation1.Mobile.eCom5_totalamountValidation -->
    </test> <!-- Default test -->
  </suite> <!-- Default suite -->
</testng-results>
